<?xml version="1.0" encoding="UTF-8"?>
<!-- Generated by org.testng.reporters.JUnitXMLReporter -->
<testsuite hostname="DESKTOP-T9V106E" ignored="0" name="Smoke Amazon" tests="1" failures="0" timestamp="16 Apr 2019 03:47:31 GMT" time="0.165" errors="0">
  <testcase name="@BeforeMethod beforeMethod" time="0.085" classname="com.amazon.salesapplication.smoke">
    <failure type="java.lang.IllegalStateException" message="The driver executable does not exist: C:\Users\asadu\Documents\PNT\Soft\chromedriver.exe">
      <![CDATA[java.lang.IllegalStateException: The driver executable does not exist: C:\Users\asadu\Documents\PNT\Soft\chromedriver.exe
at com.google.common.base.Preconditions.checkState(Preconditions.java:585)
at org.openqa.selenium.remote.service.DriverService.checkExecutable(DriverService.java:146)
at org.openqa.selenium.remote.service.DriverService.findExecutable(DriverService.java:141)
at org.openqa.selenium.chrome.ChromeDriverService.access$000(ChromeDriverService.java:35)
at org.openqa.selenium.chrome.ChromeDriverService$Builder.findDefaultExecutable(ChromeDriverService.java:159)
at org.openqa.selenium.remote.service.DriverService$Builder.build(DriverService.java:355)
at org.openqa.selenium.chrome.ChromeDriverService.createDefaultService(ChromeDriverService.java:94)
at org.openqa.selenium.chrome.ChromeDriver.<init>(ChromeDriver.java:123)
at com.amazon.salesapplication.smoke.beforeMethod(smoke.java:20)
... Removed 28 stack frames]]>
    </failure>
  </testcase> <!-- @BeforeMethod beforeMethod -->
  <testcase name="@AfterMethod afterMethod" time="0.0" classname="com.amazon.salesapplication.smoke">
    <skipped/>
  </testcase> <!-- @AfterMethod afterMethod -->
  <testcase name="f" time="0.0" classname="com.amazon.salesapplication.smoke">
    <skipped/>
  </testcase> <!-- f -->
</testsuite> <!-- Smoke Amazon -->
